<?xml version="1.0" encoding="UTF-8"?>
<!-- Generated by org.testng.reporters.JUnitReportReporter -->
<testsuite hostname="SPARK-PF2DE7Y1" failures="0" tests="3" name="com.qa.opencart.test.LoginPageTest" time="1.323" errors="0" timestamp="2023-08-13T22:36:25 EDT" skipped="0">
  <testcase classname="com.qa.opencart.test.LoginPageTest" name="loginPageTitleTest" time="0.027"/>
  <testcase classname="com.qa.opencart.test.LoginPageTest" name="forgotPasswordLinkExistText" time="0.105"/>
  <testcase classname="com.qa.opencart.test.LoginPageTest" name="loginTest" time="1.191"/>
</testsuite> <!-- com.qa.opencart.test.LoginPageTest -->
