<?xml version="1.0" encoding="UTF-8"?>
<!-- Generated by org.testng.reporters.JUnitReportReporter -->
<testsuite hostname="SPARK-PF2DE7Y1" failures="0" tests="3" name="com.qa.opencart.test.AccountsPageTest" time="0.114" errors="0" timestamp="2023-07-30T22:53:18 EDT" skipped="0">
  <testcase classname="com.qa.opencart.test.AccountsPageTest" name="accPageHeaderList" time="0.065"/>
  <system-out/>
  <testcase classname="com.qa.opencart.test.AccountsPageTest" name="accPageTitleTest" time="0.007"/>
  <system-out/>
  <testcase classname="com.qa.opencart.test.AccountsPageTest" name="isLogoutLinkExistTest" time="0.042"/>
  <system-out/>
</testsuite> <!-- com.qa.opencart.test.AccountsPageTest -->
