<?xml version="1.0" encoding="UTF-8"?>
<!-- Generated by org.testng.reporters.JUnitReportReporter -->
<testsuite hostname="SPARK-PF2DE7Y1" failures="0" tests="1" name="com.qa.opencart.test.SearchPageTest" time="0.050" errors="0" timestamp="2023-07-30T17:09:39 EDT" skipped="0">
  <testcase classname="com.qa.opencart.test.SearchPageTest" name="isMacBookAirDisplyed" time="0.050"/>
  <system-out/>
</testsuite> <!-- com.qa.opencart.test.SearchPageTest -->
