<?xml version="1.0" encoding="UTF-8"?>
<!-- Generated by org.testng.reporters.JUnitReportReporter -->
<testsuite hostname="SPARK-PF2DE7Y1" failures="0" tests="6" name="com.qa.opencart.test.ResultsPageTest" time="8.025" errors="0" timestamp="2023-08-06T09:11:36 EDT" skipped="0">
  <testcase classname="com.qa.opencart.test.ResultsPageTest" name="cproductImageTest" time="1.142"/>
  <system-out/>
  <testcase classname="com.qa.opencart.test.ResultsPageTest" name="bselectProductTest" time="1.311"/>
  <system-out/>
  <testcase classname="com.qa.opencart.test.ResultsPageTest" name="aserchProductResultCountTest" time="0.866"/>
  <system-out/>
  <testcase classname="com.qa.opencart.test.ResultsPageTest" name="bselectProductTest" time="2.561"/>
  <system-out/>
  <testcase classname="com.qa.opencart.test.ResultsPageTest" name="cproductImageTest" time="1.201"/>
  <system-out/>
  <testcase classname="com.qa.opencart.test.ResultsPageTest" name="aserchProductResultCountTest" time="0.944"/>
  <system-out/>
</testsuite> <!-- com.qa.opencart.test.ResultsPageTest -->
