<?xml version="1.0" encoding="UTF-8"?>
<!-- Generated by org.testng.reporters.JUnitReportReporter -->
<testsuite hostname="SPARK-PF2DE7Y1" failures="0" tests="1" name="com.qa.opencart.test.LoginPageTest" time="1.002" errors="0" timestamp="2023-07-31T11:56:55 EDT" skipped="0">
  <testcase classname="com.qa.opencart.test.LoginPageTest" name="loginTest" time="1.002"/>
  <system-out/>
</testsuite> <!-- com.qa.opencart.test.LoginPageTest -->
