<?xml version="1.0" encoding="UTF-8"?>
<!-- Generated by org.testng.reporters.JUnitReportReporter -->
<testsuite hostname="SPARK-PF2DE7Y1" failures="0" tests="4" name="com.qa.opencart.test.LoginPageNegativeTest" time="2.785" errors="0" timestamp="2023-08-04T07:56:24 EDT" skipped="0">
  <testcase classname="com.qa.opencart.test.LoginPageNegativeTest" name="loginWithWrongCredentialsTest" time="0.585"/>
  <system-out/>
  <testcase classname="com.qa.opencart.test.LoginPageNegativeTest" name="loginWithWrongCredentialsTest" time="0.623"/>
  <system-out/>
  <testcase classname="com.qa.opencart.test.LoginPageNegativeTest" name="loginWithWrongCredentialsTest" time="0.588"/>
  <system-out/>
  <testcase classname="com.qa.opencart.test.LoginPageNegativeTest" name="loginWithWrongCredentialsTest" time="0.989"/>
  <system-out/>
</testsuite> <!-- com.qa.opencart.test.LoginPageNegativeTest -->
