<?xml version="1.0" encoding="UTF-8"?>
<!-- Generated by org.testng.reporters.JUnitReportReporter -->
<testsuite hostname="SPARK-PF2DE7Y1" failures="0" tests="4" name="com.qa.opencart.test.ResultsPageTest" time="2.609" errors="0" timestamp="2023-08-01T12:22:51 EDT" skipped="0">
  <testcase classname="com.qa.opencart.test.ResultsPageTest" name="serchProductResultCountTest" time="1.152"/>
  <system-out/>
  <testcase classname="com.qa.opencart.test.ResultsPageTest" name="isMacBookAirDisplyed" time="0.029"/>
  <system-out/>
  <testcase classname="com.qa.opencart.test.ResultsPageTest" name="selectProductTest" time="1.377"/>
  <system-out/>
  <testcase classname="com.qa.opencart.test.ResultsPageTest" name="productImageTest" time="0.051"/>
  <system-out/>
</testsuite> <!-- com.qa.opencart.test.ResultsPageTest -->
