<?xml version="1.0" encoding="UTF-8"?>
<!-- Generated by org.testng.reporters.JUnitReportReporter -->
<testsuite hostname="SPARK-PF2DE7Y1" failures="0" tests="1" name="com.qa.opencart.test.ResultsPageTest" time="0.036" errors="0" timestamp="2023-07-31T18:25:43 EDT" skipped="0">
  <testcase classname="com.qa.opencart.test.ResultsPageTest" name="isMacBookAirDisplyed" time="0.036"/>
  <system-out/>
</testsuite> <!-- com.qa.opencart.test.ResultsPageTest -->
