<?xml version="1.0" encoding="UTF-8"?>
<!-- Generated by org.testng.reporters.JUnitReportReporter -->
<testsuite hostname="SPARK-PF2DE7Y1" failures="0" tests="3" name="com.qa.opencart.test.ResultsPageTest" time="2.644" errors="0" timestamp="2023-08-03T17:10:58 EDT" skipped="0">
  <testcase classname="com.qa.opencart.test.ResultsPageTest" name="serchProductResultCountTest" time="0.942"/>
  <system-out/>
  <testcase classname="com.qa.opencart.test.ResultsPageTest" name="serchProductResultCountTest" time="0.881"/>
  <system-out/>
  <testcase classname="com.qa.opencart.test.ResultsPageTest" name="serchProductResultCountTest" time="0.821"/>
  <system-out/>
</testsuite> <!-- com.qa.opencart.test.ResultsPageTest -->
