<?xml version="1.0" encoding="UTF-8"?>
<!-- Generated by org.testng.reporters.JUnitReportReporter -->
<testsuite hostname="SPARK-PF2DE7Y1" failures="0" tests="3" name="com.qa.opencart.test.AccountsPageTest" time="0.227" errors="0" timestamp="2023-08-13T22:36:25 EDT" skipped="0">
  <testcase classname="com.qa.opencart.test.AccountsPageTest" name="accPageTitleTest" time="0.019"/>
  <testcase classname="com.qa.opencart.test.AccountsPageTest" name="isLogoutLinkExistTest" time="0.050"/>
  <testcase classname="com.qa.opencart.test.AccountsPageTest" name="accPageHeaderList" time="0.158"/>
</testsuite> <!-- com.qa.opencart.test.AccountsPageTest -->
