<?xml version="1.0" encoding="UTF-8"?>
<!-- Generated by org.testng.reporters.JUnitReportReporter -->
<testsuite hostname="SPARK-PF2DE7Y1" failures="0" tests="2" name="com.qa.opencart.test.ProductPageInfoTest" time="0.769" errors="0" timestamp="2023-08-03T11:56:57 EDT" skipped="0">
  <testcase classname="com.qa.opencart.test.ProductPageInfoTest" name="successMessageTest" time="0.663"/>
  <system-out/>
  <testcase classname="com.qa.opencart.test.ProductPageInfoTest" name="productInfoTest" time="0.106"/>
  <system-out/>
</testsuite> <!-- com.qa.opencart.test.ProductPageInfoTest -->
