<?xml version="1.0" encoding="UTF-8"?>
<!-- Generated by org.testng.reporters.JUnitReportReporter -->
<testsuite hostname="SPARK-PF2DE7Y1" failures="0" tests="3" name="com.qa.opencart.test.LoginPageTest" time="0.969" errors="0" timestamp="2023-07-30T22:34:01 EDT" skipped="0">
  <testcase classname="com.qa.opencart.test.LoginPageTest" name="loginPageTitleTest" time="0.006"/>
  <system-out/>
  <testcase classname="com.qa.opencart.test.LoginPageTest" name="loginTest" time="0.909"/>
  <system-out/>
  <testcase classname="com.qa.opencart.test.LoginPageTest" name="forgotPasswordLinkExistText" time="0.054"/>
  <system-out/>
</testsuite> <!-- com.qa.opencart.test.LoginPageTest -->
