<?xml version="1.0" encoding="UTF-8"?>
<!-- Generated by org.testng.reporters.JUnitReportReporter -->
<testsuite hostname="SPARK-PF2DE7Y1" failures="0" tests="3" name="com.qa.opencart.test.AccountsPageTest" time="0.196" errors="0" timestamp="2023-08-10T23:14:57 EDT" skipped="0">
  <testcase classname="com.qa.opencart.test.AccountsPageTest" name="accPageHeaderList" time="0.154"/>
  <testcase classname="com.qa.opencart.test.AccountsPageTest" name="accPageTitleTest" time="0.010"/>
  <testcase classname="com.qa.opencart.test.AccountsPageTest" name="isLogoutLinkExistTest" time="0.032"/>
</testsuite> <!-- com.qa.opencart.test.AccountsPageTest -->
