<?xml version="1.0" encoding="UTF-8"?>
<!-- Generated by org.testng.reporters.JUnitReportReporter -->
<testsuite hostname="SPARK-PF2DE7Y1" failures="0" tests="6" name="com.qa.opencart.test.ResultsPageTest" time="7.244" errors="0" timestamp="2023-08-06T09:22:33 EDT" skipped="0">
  <testcase classname="com.qa.opencart.test.ResultsPageTest" name="cproductImageTest" time="1.149"/>
  <system-out/>
  <testcase classname="com.qa.opencart.test.ResultsPageTest" name="bselectProductTest" time="1.326"/>
  <system-out/>
  <testcase classname="com.qa.opencart.test.ResultsPageTest" name="aserchProductResultCountTest" time="0.824"/>
  <system-out/>
  <testcase classname="com.qa.opencart.test.ResultsPageTest" name="bselectProductTest" time="1.845"/>
  <system-out/>
  <testcase classname="com.qa.opencart.test.ResultsPageTest" name="cproductImageTest" time="1.149"/>
  <system-out/>
  <testcase classname="com.qa.opencart.test.ResultsPageTest" name="aserchProductResultCountTest" time="0.951"/>
  <system-out/>
</testsuite> <!-- com.qa.opencart.test.ResultsPageTest -->
