<?xml version="1.0" encoding="UTF-8"?>
<!-- Generated by org.testng.reporters.JUnitReportReporter -->
<testsuite hostname="SPARK-PF2DE7Y1" failures="0" tests="2" name="com.qa.opencart.test.LoginPageTest" time="0.057" errors="0" timestamp="2023-07-30T10:33:05 EDT" skipped="0">
  <testcase classname="com.qa.opencart.test.LoginPageTest" name="loginPageTitleTest" time="0.006"/>
  <system-out/>
  <testcase classname="com.qa.opencart.test.LoginPageTest" name="forgotPasswordLinkExistText" time="0.051"/>
  <system-out/>
</testsuite> <!-- com.qa.opencart.test.LoginPageTest -->
