<?xml version="1.0" encoding="UTF-8"?>
<!-- Generated by org.testng.reporters.JUnitReportReporter -->
<testsuite hostname="SPARK-PF2DE7Y1" failures="0" tests="4" name="com.qa.opencart.test.LoginPageNegativeTest" time="2.676" errors="0" timestamp="2023-08-04T12:09:25 EDT" skipped="0">
  <testcase classname="com.qa.opencart.test.LoginPageNegativeTest" name="loginWithWrongCredentialsTest" time="0.580"/>
  <system-out/>
  <testcase classname="com.qa.opencart.test.LoginPageNegativeTest" name="loginWithWrongCredentialsTest" time="0.789"/>
  <system-out/>
  <testcase classname="com.qa.opencart.test.LoginPageNegativeTest" name="loginWithWrongCredentialsTest" time="0.550"/>
  <system-out/>
  <testcase classname="com.qa.opencart.test.LoginPageNegativeTest" name="loginWithWrongCredentialsTest" time="0.757"/>
  <system-out/>
</testsuite> <!-- com.qa.opencart.test.LoginPageNegativeTest -->
