<?xml version="1.0" encoding="UTF-8"?>
<!-- Generated by org.testng.reporters.JUnitReportReporter -->
<testsuite hostname="SPARK-PF2DE7Y1" failures="0" tests="3" name="com.qa.opencart.test.AccountsPageTest" time="0.152" errors="0" timestamp="2023-08-07T18:44:06 EDT" skipped="0">
  <testcase classname="com.qa.opencart.test.AccountsPageTest" name="accPageHeaderList" time="0.108"/>
  <system-out/>
  <testcase classname="com.qa.opencart.test.AccountsPageTest" name="accPageTitleTest" time="0.010"/>
  <system-out/>
  <testcase classname="com.qa.opencart.test.AccountsPageTest" name="isLogoutLinkExistTest" time="0.034"/>
  <system-out/>
</testsuite> <!-- com.qa.opencart.test.AccountsPageTest -->
