<?xml version="1.0" encoding="UTF-8"?>
<!-- Generated by org.testng.reporters.JUnitReportReporter -->
<testsuite hostname="SPARK-PF2DE7Y1" failures="0" tests="3" name="com.qa.opencart.test.LoginPageTest" time="1.235" errors="0" timestamp="2023-08-10T23:14:57 EDT" skipped="0">
  <testcase classname="com.qa.opencart.test.LoginPageTest" name="loginTest" time="1.162"/>
  <testcase classname="com.qa.opencart.test.LoginPageTest" name="forgotPasswordLinkExistText" time="0.061"/>
  <testcase classname="com.qa.opencart.test.LoginPageTest" name="loginPageTitleTest" time="0.012"/>
</testsuite> <!-- com.qa.opencart.test.LoginPageTest -->
